[debug] [2024-06-30T10:33:50.013Z] ----------------------------------------------------------------------
[debug] [2024-06-30T10:33:50.015Z] Command:       C:\Program Files\nodejs\node.exe C:\Program Files\nodejs\node_modules\firebase-tools\lib\bin\firebase.js init
[debug] [2024-06-30T10:33:50.016Z] CLI Version:   13.12.0
[debug] [2024-06-30T10:33:50.016Z] Platform:      win32
[debug] [2024-06-30T10:33:50.016Z] Node Version:  v18.10.0
[debug] [2024-06-30T10:33:50.017Z] Time:          Sun Jun 30 2024 16:03:50 GMT+0530 (India Standard Time)
[debug] [2024-06-30T10:33:50.017Z] ----------------------------------------------------------------------
[debug] 
[debug] [2024-06-30T10:33:50.078Z] > command requires scopes: ["email","openid","https://www.googleapis.com/auth/cloudplatformprojects.readonly","https://www.googleapis.com/auth/firebase","https://www.googleapis.com/auth/cloud-platform"]
[debug] [2024-06-30T10:33:50.079Z] > authorizing via signed-in user (vskumar12346869@gmail.com)
[info] 
     ######## #### ########  ######## ########     ###     ######  ########
     ##        ##  ##     ## ##       ##     ##  ##   ##  ##       ##
     ######    ##  ########  ######   ########  #########  ######  ######
     ##        ##  ##    ##  ##       ##     ## ##     ##       ## ##
     ##       #### ##     ## ######## ########  ##     ##  ######  ########

You're about to initialize a Firebase project in this directory:

  D:\react-portfolio\react-portfolio

Before we get started, keep in mind:

  * You are initializing within an existing Firebase project directory

[info] 
=== Project Setup
[info] 
[info] First, let's associate this project directory with a Firebase project.
[info] You can create multiple project aliases by running firebase use --add, 
[info] but for now we'll just set up a default project.
[info] 
[debug] [2024-06-30T10:40:27.364Z] Using project from CLI flag: react-folio-001
[debug] [2024-06-30T10:40:27.367Z] >>> [apiv2][query] GET https://firebase.googleapis.com/v1beta1/projects/react-folio-001 [none]
[debug] [2024-06-30T10:40:28.991Z] <<< [apiv2][status] GET https://firebase.googleapis.com/v1beta1/projects/react-folio-001 403
[debug] [2024-06-30T10:40:28.991Z] <<< [apiv2][body] GET https://firebase.googleapis.com/v1beta1/projects/react-folio-001 {"error":{"code":403,"message":"The caller does not have permission","status":"PERMISSION_DENIED"}}
[debug] [2024-06-30T10:40:28.992Z] HTTP Error: 403, The caller does not have permission
[debug] [2024-06-30T10:40:29.772Z] FirebaseError: HTTP Error: 403, The caller does not have permission
    at responseToError (C:\Node\v18.10.0\node_modules\firebase-tools\lib\responseToError.js:49:12)
    at RetryOperation._fn (C:\Node\v18.10.0\node_modules\firebase-tools\lib\apiv2.js:305:77)
    at process.processTicksAndRejections (node:internal/process/task_queues:95:5)
[error] 
[error] Error: Failed to get Firebase project react-folio-001. Please make sure the project exists and your account has permission to access it.
